{"/home/phamquoc/Documents/Learn/project/src/common/repository/index.ts": {"path":"/home/phamquoc/Documents/Learn/project/src/common/repository/index.ts","statementMap":{"0":{"start":{"line":9,"column":4},"end":{"line":9,"column":23}},"1":{"start":{"line":13,"column":4},"end":{"line":13,"column":89}},"2":{"start":{"line":17,"column":4},"end":{"line":17,"column":87}},"3":{"start":{"line":21,"column":4},"end":{"line":21,"column":52}},"4":{"start":{"line":25,"column":17},"end":{"line":25,"column":79}},"5":{"start":{"line":26,"column":4},"end":{"line":36,"column":5}},"6":{"start":{"line":27,"column":6},"end":{"line":34,"column":7}},"7":{"start":{"line":28,"column":8},"end":{"line":33,"column":10}},"8":{"start":{"line":35,"column":6},"end":{"line":35,"column":45}},"9":{"start":{"line":37,"column":4},"end":{"line":37,"column":16}},"10":{"start":{"line":41,"column":21},"end":{"line":41,"column":44}},"11":{"start":{"line":42,"column":4},"end":{"line":42,"column":33}},"12":{"start":{"line":43,"column":4},"end":{"line":43,"column":20}},"13":{"start":{"line":47,"column":4},"end":{"line":47,"column":68}},"14":{"start":{"line":51,"column":4},"end":{"line":51,"column":76}},"15":{"start":{"line":55,"column":4},"end":{"line":60,"column":14}},"16":{"start":{"line":64,"column":4},"end":{"line":64,"column":67}},"17":{"start":{"line":68,"column":4},"end":{"line":68,"column":61}}},"fnMap":{"0":{"name":"(anonymous_0)","decl":{"start":{"line":8,"column":2},"end":{"line":8,"column":3}},"loc":{"start":{"line":8,"column":39},"end":{"line":10,"column":3}},"line":8},"1":{"name":"(anonymous_1)","decl":{"start":{"line":12,"column":2},"end":{"line":12,"column":3}},"loc":{"start":{"line":12,"column":82},"end":{"line":14,"column":3}},"line":12},"2":{"name":"(anonymous_2)","decl":{"start":{"line":16,"column":2},"end":{"line":16,"column":3}},"loc":{"start":{"line":16,"column":98},"end":{"line":18,"column":3}},"line":16},"3":{"name":"(anonymous_3)","decl":{"start":{"line":20,"column":2},"end":{"line":20,"column":3}},"loc":{"start":{"line":20,"column":76},"end":{"line":22,"column":3}},"line":20},"4":{"name":"(anonymous_4)","decl":{"start":{"line":24,"column":2},"end":{"line":24,"column":3}},"loc":{"start":{"line":24,"column":106},"end":{"line":38,"column":3}},"line":24},"5":{"name":"(anonymous_5)","decl":{"start":{"line":40,"column":2},"end":{"line":40,"column":3}},"loc":{"start":{"line":40,"column":62},"end":{"line":44,"column":3}},"line":40},"6":{"name":"(anonymous_6)","decl":{"start":{"line":46,"column":2},"end":{"line":46,"column":3}},"loc":{"start":{"line":46,"column":70},"end":{"line":48,"column":3}},"line":46},"7":{"name":"(anonymous_7)","decl":{"start":{"line":50,"column":2},"end":{"line":50,"column":3}},"loc":{"start":{"line":50,"column":74},"end":{"line":52,"column":3}},"line":50},"8":{"name":"(anonymous_8)","decl":{"start":{"line":54,"column":2},"end":{"line":54,"column":3}},"loc":{"start":{"line":54,"column":68},"end":{"line":61,"column":3}},"line":54},"9":{"name":"(anonymous_9)","decl":{"start":{"line":63,"column":2},"end":{"line":63,"column":3}},"loc":{"start":{"line":63,"column":50},"end":{"line":65,"column":3}},"line":63},"10":{"name":"(anonymous_10)","decl":{"start":{"line":67,"column":2},"end":{"line":67,"column":3}},"loc":{"start":{"line":67,"column":51},"end":{"line":69,"column":3}},"line":67}},"branchMap":{"0":{"loc":{"start":{"line":26,"column":4},"end":{"line":36,"column":5}},"type":"if","locations":[{"start":{"line":26,"column":4},"end":{"line":36,"column":5}},{"start":{},"end":{}}],"line":26},"1":{"loc":{"start":{"line":27,"column":6},"end":{"line":34,"column":7}},"type":"if","locations":[{"start":{"line":27,"column":6},"end":{"line":34,"column":7}},{"start":{},"end":{}}],"line":27}},"s":{"0":8,"1":2,"2":0,"3":0,"4":0,"5":0,"6":0,"7":0,"8":0,"9":0,"10":2,"11":2,"12":2,"13":0,"14":0,"15":0,"16":0,"17":0},"f":{"0":8,"1":2,"2":0,"3":0,"4":0,"5":2,"6":0,"7":0,"8":0,"9":0,"10":0},"b":{"0":[0,0],"1":[0,0]},"_coverageSchema":"1a1c01bbd47fc00a2c39e90264f33305004495a9","hash":"e1f844722ac36261f834af086f0d6bbaf4a6bbf9"}
,"/home/phamquoc/Documents/Learn/project/src/helpers/testing.ts": {"path":"/home/phamquoc/Documents/Learn/project/src/helpers/testing.ts","statementMap":{"0":{"start":{"line":4,"column":2},"end":{"line":13,"column":3}},"1":{"start":{"line":5,"column":4},"end":{"line":10,"column":5}},"2":{"start":{"line":6,"column":6},"end":{"line":6,"column":64}},"3":{"start":{"line":7,"column":6},"end":{"line":7,"column":50}},"4":{"start":{"line":9,"column":6},"end":{"line":9,"column":23}},"5":{"start":{"line":12,"column":4},"end":{"line":12,"column":48}},"6":{"start":{"line":17,"column":2},"end":{"line":17,"column":36}},"7":{"start":{"line":21,"column":2},"end":{"line":21,"column":39}}},"fnMap":{"0":{"name":"clearDB","decl":{"start":{"line":3,"column":22},"end":{"line":3,"column":29}},"loc":{"start":{"line":3,"column":32},"end":{"line":14,"column":1}},"line":3},"1":{"name":"closeDB","decl":{"start":{"line":16,"column":22},"end":{"line":16,"column":29}},"loc":{"start":{"line":16,"column":32},"end":{"line":18,"column":1}},"line":16},"2":{"name":"newObjectId","decl":{"start":{"line":20,"column":16},"end":{"line":20,"column":27}},"loc":{"start":{"line":20,"column":30},"end":{"line":22,"column":1}},"line":20}},"branchMap":{"0":{"loc":{"start":{"line":4,"column":2},"end":{"line":13,"column":3}},"type":"if","locations":[{"start":{"line":4,"column":2},"end":{"line":13,"column":3}},{"start":{"line":11,"column":9},"end":{"line":13,"column":3}}],"line":4}},"s":{"0":9,"1":2,"2":2,"3":2,"4":0,"5":7,"6":3,"7":1},"f":{"0":9,"1":3,"2":1},"b":{"0":[2,7]},"_coverageSchema":"1a1c01bbd47fc00a2c39e90264f33305004495a9","hash":"d8b7866300ea6a4e463c4f855c2741be524e03c3"}
,"/home/phamquoc/Documents/Learn/project/src/user/models/KeyToken.schema.ts": {"path":"/home/phamquoc/Documents/Learn/project/src/user/models/KeyToken.schema.ts","statementMap":{"0":{"start":{"line":11,"column":20},"end":{"line":30,"column":1}},"1":{"start":{"line":32,"column":0},"end":{"line":32,"column":37}},"2":{"start":{"line":36,"column":29},"end":{"line":36,"column":112}}},"fnMap":{},"branchMap":{},"s":{"0":2,"1":2,"2":2},"f":{},"b":{},"_coverageSchema":"1a1c01bbd47fc00a2c39e90264f33305004495a9","hash":"21649739b221bb75bba3e9140cac62fef4ecd8c5"}
,"/home/phamquoc/Documents/Learn/project/src/user/models/User.schema.ts": {"path":"/home/phamquoc/Documents/Learn/project/src/user/models/User.schema.ts","statementMap":{"0":{"start":{"line":4,"column":20},"end":{"line":7,"column":1}},"1":{"start":{"line":9,"column":18},"end":{"line":12,"column":1}},"2":{"start":{"line":27,"column":19},"end":{"line":74,"column":1}},"3":{"start":{"line":76,"column":0},"end":{"line":76,"column":36}},"4":{"start":{"line":79,"column":25},"end":{"line":79,"column":103}}},"fnMap":{},"branchMap":{},"s":{"0":1,"1":1,"2":1,"3":1,"4":1},"f":{},"b":{},"_coverageSchema":"1a1c01bbd47fc00a2c39e90264f33305004495a9","hash":"df7f2d38a7c7a47f30fe58277c4531400ab1762f"}
,"/home/phamquoc/Documents/Learn/project/src/user/repository/user.repository.ts": {"path":"/home/phamquoc/Documents/Learn/project/src/user/repository/user.repository.ts","statementMap":{"0":{"start":{"line":7,"column":4},"end":{"line":7,"column":17}}},"fnMap":{"0":{"name":"(anonymous_0)","decl":{"start":{"line":6,"column":2},"end":{"line":6,"column":3}},"loc":{"start":{"line":6,"column":52},"end":{"line":8,"column":3}},"line":6}},"branchMap":{},"s":{"0":8},"f":{"0":8},"b":{},"_coverageSchema":"1a1c01bbd47fc00a2c39e90264f33305004495a9","hash":"75c7e33c51ad09a660da2846d28c4ddee99e2316"}
,"/home/phamquoc/Documents/Learn/project/src/user/services/token.service.ts": {"path":"/home/phamquoc/Documents/Learn/project/src/user/services/token.service.ts","statementMap":{"0":{"start":{"line":12,"column":23},"end":{"line":12,"column":36}},"1":{"start":{"line":15,"column":21},"end":{"line":19,"column":6}},"2":{"start":{"line":21,"column":4},"end":{"line":21,"column":20}},"3":{"start":{"line":25,"column":24},"end":{"line":25,"column":77}},"4":{"start":{"line":26,"column":25},"end":{"line":26,"column":79}},"5":{"start":{"line":28,"column":4},"end":{"line":28,"column":41}}},"fnMap":{"0":{"name":"(anonymous_0)","decl":{"start":{"line":14,"column":2},"end":{"line":14,"column":3}},"loc":{"start":{"line":14,"column":118},"end":{"line":22,"column":3}},"line":14},"1":{"name":"(anonymous_1)","decl":{"start":{"line":24,"column":2},"end":{"line":24,"column":3}},"loc":{"start":{"line":24,"column":74},"end":{"line":29,"column":3}},"line":24}},"branchMap":{},"s":{"0":9,"1":2,"2":1,"3":0,"4":0,"5":0},"f":{"0":2,"1":0},"b":{},"_coverageSchema":"1a1c01bbd47fc00a2c39e90264f33305004495a9","hash":"a1cb7c8207c0c20b7e46bfbad93176cfe575fc55"}
,"/home/phamquoc/Documents/Learn/project/src/user/services/user.service.ts": {"path":"/home/phamquoc/Documents/Learn/project/src/user/services/user.service.ts","statementMap":{"0":{"start":{"line":4,"column":0},"end":{"line":4,"column":27}},"1":{"start":{"line":27,"column":4},"end":{"line":27,"column":37}},"2":{"start":{"line":28,"column":4},"end":{"line":28,"column":37}},"3":{"start":{"line":32,"column":22},"end":{"line":32,"column":77}},"4":{"start":{"line":33,"column":4},"end":{"line":35,"column":5}},"5":{"start":{"line":34,"column":6},"end":{"line":34,"column":81}},"6":{"start":{"line":36,"column":33},"end":{"line":36,"column":52}},"7":{"start":{"line":38,"column":17},"end":{"line":38,"column":83}},"8":{"start":{"line":40,"column":4},"end":{"line":42,"column":5}},"9":{"start":{"line":41,"column":6},"end":{"line":41,"column":72}},"10":{"start":{"line":48,"column":22},"end":{"line":48,"column":60}},"11":{"start":{"line":49,"column":23},"end":{"line":49,"column":61}},"12":{"start":{"line":51,"column":21},"end":{"line":51,"column":116}},"13":{"start":{"line":53,"column":4},"end":{"line":53,"column":81}},"14":{"start":{"line":53,"column":19},"end":{"line":53,"column":81}},"15":{"start":{"line":55,"column":19},"end":{"line":55,"column":127}},"16":{"start":{"line":57,"column":4},"end":{"line":59,"column":5}},"17":{"start":{"line":58,"column":6},"end":{"line":58,"column":73}},"18":{"start":{"line":61,"column":4},"end":{"line":66,"column":6}},"19":{"start":{"line":70,"column":22},"end":{"line":70,"column":149}},"20":{"start":{"line":71,"column":4},"end":{"line":71,"column":147}},"21":{"start":{"line":75,"column":22},"end":{"line":75,"column":118}},"22":{"start":{"line":76,"column":17},"end":{"line":76,"column":77}},"23":{"start":{"line":78,"column":17},"end":{"line":78,"column":69}},"24":{"start":{"line":79,"column":4},"end":{"line":79,"column":76}},"25":{"start":{"line":79,"column":15},"end":{"line":79,"column":76}},"26":{"start":{"line":81,"column":24},"end":{"line":81,"column":100}},"27":{"start":{"line":82,"column":4},"end":{"line":84,"column":5}},"28":{"start":{"line":83,"column":6},"end":{"line":83,"column":67}},"29":{"start":{"line":86,"column":4},"end":{"line":86,"column":16}},"30":{"start":{"line":90,"column":17},"end":{"line":90,"column":68}},"31":{"start":{"line":91,"column":4},"end":{"line":93,"column":5}},"32":{"start":{"line":92,"column":6},"end":{"line":92,"column":67}},"33":{"start":{"line":94,"column":4},"end":{"line":94,"column":76}},"34":{"start":{"line":95,"column":4},"end":{"line":95,"column":22}},"35":{"start":{"line":96,"column":4},"end":{"line":96,"column":16}},"36":{"start":{"line":105,"column":4},"end":{"line":105,"column":11}}},"fnMap":{"0":{"name":"(anonymous_0)","decl":{"start":{"line":26,"column":2},"end":{"line":26,"column":3}},"loc":{"start":{"line":26,"column":71},"end":{"line":29,"column":3}},"line":26},"1":{"name":"(anonymous_1)","decl":{"start":{"line":31,"column":2},"end":{"line":31,"column":3}},"loc":{"start":{"line":31,"column":41},"end":{"line":67,"column":3}},"line":31},"2":{"name":"(anonymous_2)","decl":{"start":{"line":69,"column":2},"end":{"line":69,"column":3}},"loc":{"start":{"line":69,"column":39},"end":{"line":72,"column":3}},"line":69},"3":{"name":"(anonymous_3)","decl":{"start":{"line":74,"column":2},"end":{"line":74,"column":3}},"loc":{"start":{"line":74,"column":49},"end":{"line":87,"column":3}},"line":74},"4":{"name":"(anonymous_4)","decl":{"start":{"line":89,"column":2},"end":{"line":89,"column":3}},"loc":{"start":{"line":89,"column":53},"end":{"line":97,"column":3}},"line":89},"5":{"name":"(anonymous_5)","decl":{"start":{"line":99,"column":2},"end":{"line":99,"column":3}},"loc":{"start":{"line":99,"column":52},"end":{"line":106,"column":3}},"line":99}},"branchMap":{"0":{"loc":{"start":{"line":33,"column":4},"end":{"line":35,"column":5}},"type":"if","locations":[{"start":{"line":33,"column":4},"end":{"line":35,"column":5}},{"start":{},"end":{}}],"line":33},"1":{"loc":{"start":{"line":40,"column":4},"end":{"line":42,"column":5}},"type":"if","locations":[{"start":{"line":40,"column":4},"end":{"line":42,"column":5}},{"start":{},"end":{}}],"line":40},"2":{"loc":{"start":{"line":53,"column":4},"end":{"line":53,"column":81}},"type":"if","locations":[{"start":{"line":53,"column":4},"end":{"line":53,"column":81}},{"start":{},"end":{}}],"line":53},"3":{"loc":{"start":{"line":57,"column":4},"end":{"line":59,"column":5}},"type":"if","locations":[{"start":{"line":57,"column":4},"end":{"line":59,"column":5}},{"start":{},"end":{}}],"line":57},"4":{"loc":{"start":{"line":79,"column":4},"end":{"line":79,"column":76}},"type":"if","locations":[{"start":{"line":79,"column":4},"end":{"line":79,"column":76}},{"start":{},"end":{}}],"line":79},"5":{"loc":{"start":{"line":82,"column":4},"end":{"line":84,"column":5}},"type":"if","locations":[{"start":{"line":82,"column":4},"end":{"line":84,"column":5}},{"start":{},"end":{}}],"line":82},"6":{"loc":{"start":{"line":91,"column":4},"end":{"line":93,"column":5}},"type":"if","locations":[{"start":{"line":91,"column":4},"end":{"line":93,"column":5}},{"start":{},"end":{}}],"line":91}},"s":{"0":1,"1":8,"2":8,"3":3,"4":3,"5":1,"6":2,"7":2,"8":2,"9":1,"10":1,"11":1,"12":1,"13":1,"14":0,"15":1,"16":1,"17":0,"18":1,"19":1,"20":1,"21":2,"22":1,"23":1,"24":1,"25":0,"26":1,"27":1,"28":0,"29":1,"30":2,"31":2,"32":1,"33":1,"34":1,"35":1,"36":0},"f":{"0":8,"1":3,"2":1,"3":2,"4":2,"5":0},"b":{"0":[1,2],"1":[1,1],"2":[0,1],"3":[0,1],"4":[0,1],"5":[0,1],"6":[1,1]},"_coverageSchema":"1a1c01bbd47fc00a2c39e90264f33305004495a9","hash":"4f8823d9264530da9b8161a02a5f085d4412483b"}
,"/home/phamquoc/Documents/Learn/project/src/utils/error.ts": {"path":"/home/phamquoc/Documents/Learn/project/src/utils/error.ts","statementMap":{"0":{"start":{"line":7,"column":4},"end":{"line":7,"column":19}},"1":{"start":{"line":8,"column":4},"end":{"line":8,"column":21}},"2":{"start":{"line":9,"column":4},"end":{"line":9,"column":27}}},"fnMap":{"0":{"name":"(anonymous_0)","decl":{"start":{"line":6,"column":2},"end":{"line":6,"column":3}},"loc":{"start":{"line":6,"column":50},"end":{"line":10,"column":3}},"line":6}},"branchMap":{},"s":{"0":4,"1":4,"2":4},"f":{"0":4},"b":{},"_coverageSchema":"1a1c01bbd47fc00a2c39e90264f33305004495a9","hash":"461d470014a5f07555d5dd2853fa2196288be782"}
,"/home/phamquoc/Documents/Learn/project/src/utils/token.ts": {"path":"/home/phamquoc/Documents/Learn/project/src/utils/token.ts","statementMap":{"0":{"start":{"line":5,"column":22},"end":{"line":7,"column":1}},"1":{"start":{"line":6,"column":2},"end":{"line":6,"column":54}},"2":{"start":{"line":9,"column":20},"end":{"line":16,"column":1}},"3":{"start":{"line":10,"column":2},"end":{"line":15,"column":3}},"4":{"start":{"line":11,"column":19},"end":{"line":11,"column":44}},"5":{"start":{"line":12,"column":4},"end":{"line":12,"column":18}},"6":{"start":{"line":14,"column":4},"end":{"line":14,"column":65}},"7":{"start":{"line":18,"column":20},"end":{"line":25,"column":1}},"8":{"start":{"line":19,"column":2},"end":{"line":24,"column":3}},"9":{"start":{"line":20,"column":19},"end":{"line":20,"column":36}},"10":{"start":{"line":21,"column":4},"end":{"line":21,"column":18}},"11":{"start":{"line":23,"column":4},"end":{"line":23,"column":65}}},"fnMap":{"0":{"name":"(anonymous_0)","decl":{"start":{"line":5,"column":22},"end":{"line":5,"column":23}},"loc":{"start":{"line":5,"column":83},"end":{"line":7,"column":1}},"line":5},"1":{"name":"(anonymous_1)","decl":{"start":{"line":9,"column":20},"end":{"line":9,"column":21}},"loc":{"start":{"line":9,"column":55},"end":{"line":16,"column":1}},"line":9},"2":{"name":"(anonymous_2)","decl":{"start":{"line":18,"column":20},"end":{"line":18,"column":21}},"loc":{"start":{"line":18,"column":39},"end":{"line":25,"column":1}},"line":18}},"branchMap":{},"s":{"0":1,"1":2,"2":1,"3":0,"4":0,"5":0,"6":0,"7":1,"8":0,"9":0,"10":0,"11":0},"f":{"0":2,"1":0,"2":0},"b":{},"_coverageSchema":"1a1c01bbd47fc00a2c39e90264f33305004495a9","hash":"306a65f9c5de472e14cd8671c15f18400c1ed775"}
}
