{"/home/phamquoc/Documents/Learn/project/src/helpers/testing.ts": {"path":"/home/phamquoc/Documents/Learn/project/src/helpers/testing.ts","statementMap":{"0":{"start":{"line":4,"column":2},"end":{"line":9,"column":3}},"1":{"start":{"line":5,"column":4},"end":{"line":5,"column":62}},"2":{"start":{"line":6,"column":4},"end":{"line":6,"column":42}},"3":{"start":{"line":8,"column":4},"end":{"line":8,"column":42}},"4":{"start":{"line":13,"column":2},"end":{"line":13,"column":36}},"5":{"start":{"line":17,"column":2},"end":{"line":17,"column":39}}},"fnMap":{"0":{"name":"clearDB","decl":{"start":{"line":3,"column":22},"end":{"line":3,"column":29}},"loc":{"start":{"line":3,"column":32},"end":{"line":10,"column":1}},"line":3},"1":{"name":"closeDB","decl":{"start":{"line":12,"column":22},"end":{"line":12,"column":29}},"loc":{"start":{"line":12,"column":32},"end":{"line":14,"column":1}},"line":12},"2":{"name":"newObjectId","decl":{"start":{"line":16,"column":22},"end":{"line":16,"column":33}},"loc":{"start":{"line":16,"column":36},"end":{"line":18,"column":1}},"line":16}},"branchMap":{"0":{"loc":{"start":{"line":4,"column":2},"end":{"line":9,"column":3}},"type":"if","locations":[{"start":{"line":4,"column":2},"end":{"line":9,"column":3}},{"start":{"line":7,"column":9},"end":{"line":9,"column":3}}],"line":4}},"s":{"0":2,"1":1,"2":1,"3":1,"4":1,"5":1},"f":{"0":2,"1":1,"2":1},"b":{"0":[1,1]},"_coverageSchema":"1a1c01bbd47fc00a2c39e90264f33305004495a9","hash":"4609be2ef9f15cddab11a6f630e33b8f08025637"}
,"/home/phamquoc/Documents/Learn/project/src/user/models/KeyToken.schema.ts": {"path":"/home/phamquoc/Documents/Learn/project/src/user/models/KeyToken.schema.ts","statementMap":{"0":{"start":{"line":10,"column":20},"end":{"line":29,"column":1}},"1":{"start":{"line":33,"column":29},"end":{"line":33,"column":72}}},"fnMap":{},"branchMap":{},"s":{"0":1,"1":1},"f":{},"b":{},"_coverageSchema":"1a1c01bbd47fc00a2c39e90264f33305004495a9","hash":"539170f98a7ec7fa72dc06d9e54929c6d5cb9856"}
,"/home/phamquoc/Documents/Learn/project/src/user/services/token.service.ts": {"path":"/home/phamquoc/Documents/Learn/project/src/user/services/token.service.ts","statementMap":{"0":{"start":{"line":10,"column":23},"end":{"line":10,"column":36}},"1":{"start":{"line":13,"column":21},"end":{"line":17,"column":6}},"2":{"start":{"line":19,"column":4},"end":{"line":19,"column":20}}},"fnMap":{"0":{"name":"(anonymous_0)","decl":{"start":{"line":12,"column":2},"end":{"line":12,"column":3}},"loc":{"start":{"line":12,"column":118},"end":{"line":20,"column":3}},"line":12}},"branchMap":{},"s":{"0":1,"1":2,"2":1},"f":{"0":2},"b":{},"_coverageSchema":"1a1c01bbd47fc00a2c39e90264f33305004495a9","hash":"a65c37f5e02eccdb6b2d47e1a590d09ae73b8ff9"}
}
