TN:
SF:src/common/repository/index.ts
FN:8,(anonymous_0)
FN:12,(anonymous_1)
FN:16,(anonymous_2)
FN:20,(anonymous_3)
FN:24,(anonymous_4)
FN:40,(anonymous_5)
FN:46,(anonymous_6)
FN:50,(anonymous_7)
FN:54,(anonymous_8)
FN:63,(anonymous_9)
FN:67,(anonymous_10)
FNF:11
FNH:3
FNDA:8,(anonymous_0)
FNDA:2,(anonymous_1)
FNDA:0,(anonymous_2)
FNDA:0,(anonymous_3)
FNDA:0,(anonymous_4)
FNDA:2,(anonymous_5)
FNDA:0,(anonymous_6)
FNDA:0,(anonymous_7)
FNDA:0,(anonymous_8)
FNDA:0,(anonymous_9)
FNDA:0,(anonymous_10)
DA:9,8
DA:13,2
DA:17,0
DA:21,0
DA:25,0
DA:26,0
DA:27,0
DA:28,0
DA:35,0
DA:37,0
DA:41,2
DA:42,2
DA:43,2
DA:47,0
DA:51,0
DA:55,0
DA:64,0
DA:68,0
LF:18
LH:5
BRDA:26,0,0,0
BRDA:26,0,1,0
BRDA:27,1,0,0
BRDA:27,1,1,0
BRF:4
BRH:0
end_of_record
TN:
SF:src/helpers/testing.ts
FN:3,clearDB
FN:16,closeDB
FN:20,newObjectId
FNF:3
FNH:3
FNDA:9,clearDB
FNDA:3,closeDB
FNDA:1,newObjectId
DA:4,9
DA:5,2
DA:6,2
DA:7,2
DA:9,0
DA:12,7
DA:17,3
DA:21,1
LF:8
LH:7
BRDA:4,0,0,2
BRDA:4,0,1,7
BRF:2
BRH:2
end_of_record
TN:
SF:src/user/models/KeyToken.schema.ts
FNF:0
FNH:0
DA:11,2
DA:32,2
DA:36,2
LF:3
LH:3
BRF:0
BRH:0
end_of_record
TN:
SF:src/user/models/User.schema.ts
FNF:0
FNH:0
DA:4,1
DA:9,1
DA:27,1
DA:76,1
DA:79,1
LF:5
LH:5
BRF:0
BRH:0
end_of_record
TN:
SF:src/user/repository/user.repository.ts
FN:6,(anonymous_0)
FNF:1
FNH:1
FNDA:8,(anonymous_0)
DA:7,8
LF:1
LH:1
BRF:0
BRH:0
end_of_record
TN:
SF:src/user/services/token.service.ts
FN:14,(anonymous_0)
FN:24,(anonymous_1)
FNF:2
FNH:1
FNDA:2,(anonymous_0)
FNDA:0,(anonymous_1)
DA:12,9
DA:15,2
DA:21,1
DA:25,0
DA:26,0
DA:28,0
LF:6
LH:3
BRF:0
BRH:0
end_of_record
TN:
SF:src/user/services/user.service.ts
FN:26,(anonymous_0)
FN:31,(anonymous_1)
FN:69,(anonymous_2)
FN:74,(anonymous_3)
FN:89,(anonymous_4)
FN:99,(anonymous_5)
FNF:6
FNH:5
FNDA:8,(anonymous_0)
FNDA:3,(anonymous_1)
FNDA:1,(anonymous_2)
FNDA:2,(anonymous_3)
FNDA:2,(anonymous_4)
FNDA:0,(anonymous_5)
DA:4,1
DA:27,8
DA:28,8
DA:32,3
DA:33,3
DA:34,1
DA:36,2
DA:38,2
DA:40,2
DA:41,1
DA:48,1
DA:49,1
DA:51,1
DA:53,1
DA:55,1
DA:57,1
DA:58,0
DA:61,1
DA:70,1
DA:71,1
DA:75,2
DA:76,1
DA:78,1
DA:79,1
DA:81,1
DA:82,1
DA:83,0
DA:86,1
DA:90,2
DA:91,2
DA:92,1
DA:94,1
DA:95,1
DA:96,1
DA:105,0
LF:35
LH:32
BRDA:33,0,0,1
BRDA:33,0,1,2
BRDA:40,1,0,1
BRDA:40,1,1,1
BRDA:53,2,0,0
BRDA:53,2,1,1
BRDA:57,3,0,0
BRDA:57,3,1,1
BRDA:79,4,0,0
BRDA:79,4,1,1
BRDA:82,5,0,0
BRDA:82,5,1,1
BRDA:91,6,0,1
BRDA:91,6,1,1
BRF:14
BRH:10
end_of_record
TN:
SF:src/utils/error.ts
FN:6,(anonymous_0)
FNF:1
FNH:1
FNDA:4,(anonymous_0)
DA:7,4
DA:8,4
DA:9,4
LF:3
LH:3
BRF:0
BRH:0
end_of_record
TN:
SF:src/utils/token.ts
FN:5,(anonymous_0)
FN:9,(anonymous_1)
FN:18,(anonymous_2)
FNF:3
FNH:1
FNDA:2,(anonymous_0)
FNDA:0,(anonymous_1)
FNDA:0,(anonymous_2)
DA:5,1
DA:6,2
DA:9,1
DA:10,0
DA:11,0
DA:12,0
DA:14,0
DA:18,1
DA:19,0
DA:20,0
DA:21,0
DA:23,0
LF:12
LH:4
BRF:0
BRH:0
end_of_record
