TN:
SF:src/helpers/testing.ts
FN:3,clearDB
FN:12,closeDB
FN:16,newObjectId
FNF:3
FNH:3
FNDA:2,clearDB
FNDA:1,closeDB
FNDA:1,newObjectId
DA:4,2
DA:5,1
DA:6,1
DA:8,1
DA:13,1
DA:17,1
LF:6
LH:6
BRDA:4,0,0,1
BRDA:4,0,1,1
BRF:2
BRH:2
end_of_record
TN:
SF:src/user/models/KeyToken.schema.ts
FNF:0
FNH:0
DA:10,1
DA:33,1
LF:2
LH:2
BRF:0
BRH:0
end_of_record
TN:
SF:src/user/services/token.service.ts
FN:12,(anonymous_0)
FNF:1
FNH:1
FNDA:2,(anonymous_0)
DA:10,1
DA:13,2
DA:19,1
LF:3
LH:3
BRF:0
BRH:0
end_of_record
